<?xml version="1.0" encoding="UTF-8" ?>
<testsuite errors="0" failures="1" hostname="dtp4138" name="model.MensTest" tests="4" time="0.516" timestamp="2011-01-13T11:12:10">
  <properties>
[...]
</properties>
  <testcase classname="model.MensTest" name="geval1" time="0.109" />
  <testcase classname="model.MensTest" name="geval2" time="0.016" />
  <testcase classname="model.MensTest" name="geval3" time="0.016">
    <failure type="junit.framework.AssertionFailedError">junit.framework.AssertionFailedError: 
	at model.MensTest.geval3(MensTest.java:74)
</failure>
  </testcase>
  <testcase classname="model.MensTest" name="geval4" time="0.0" />
  <system-out><![CDATA[]]></system-out>
  <system-err><![CDATA[]]></system-err>
</testsuite>
